<?xml version="1.0" encoding="UTF-8"?>
<!-- Generated by org.testng.reporters.JUnitXMLReporter -->
<testsuite ignored="6" hostname="Rithiks-MacBook-Pro.local" failures="0" tests="7" name="Test" time="202.404" errors="0" timestamp="2023-10-21T15:28:26 IST">
  <testcase classname="com.crm.test.cart.verifyProductDisplayedInCart" name="LoginPageTest" time="30.587"/>
  <testcase classname="com.crm.test.cart.verifyCartCountOnAddToCart" name="LoginPageTest" time="27.025"/>
  <testcase classname="com.crm.test.search.verifyEmptyStringSearch" name="LoginPageTest" time="24.859"/>
  <testcase classname="com.crm.test.cart.VerifyRemoveItemsFromCart" name="LoginPageTest" time="34.82"/>
  <testcase classname="com.crm.test.search.verifyNoSearchResultsForRandomString" name="LoginPageTest" time="26.599"/>
  <testcase classname="com.crm.test.search.verifySearchPaginationResults" name="LoginPageTest" time="34.81"/>
  <testcase classname="com.crm.test.search.search" name="LoginPageTest" time="23.535"/>
  <testcase classname="com.AdNabu.qa.base.TestBase" name="@AfterSuite tearDown" time="0.0">
    <ignored/>
  </testcase> <!-- @AfterSuite tearDown -->
  <testcase classname="com.AdNabu.qa.base.TestBase" name="@AfterSuite tearDown" time="0.0">
    <ignored/>
  </testcase> <!-- @AfterSuite tearDown -->
  <testcase classname="com.AdNabu.qa.base.TestBase" name="@AfterSuite tearDown" time="0.0">
    <ignored/>
  </testcase> <!-- @AfterSuite tearDown -->
  <testcase classname="com.AdNabu.qa.base.TestBase" name="@AfterSuite tearDown" time="0.0">
    <ignored/>
  </testcase> <!-- @AfterSuite tearDown -->
  <testcase classname="com.AdNabu.qa.base.TestBase" name="@AfterSuite tearDown" time="0.0">
    <ignored/>
  </testcase> <!-- @AfterSuite tearDown -->
  <testcase classname="com.AdNabu.qa.base.TestBase" name="@AfterSuite tearDown" time="0.0">
    <ignored/>
  </testcase> <!-- @AfterSuite tearDown -->
</testsuite> <!-- Test -->
